[2023-06-19 02:02:47:8794860][SpringApplicationShutdownHook] INFO  o.s.o.j.LocalContainerEntityManagerFactoryBean - Closing JPA EntityManagerFactory for persistence unit 'default'
[2023-06-19 02:02:47:8794866][SpringApplicationShutdownHook] INFO  com.zaxxer.hikari.HikariDataSource - HikariPool-1 - Shutdown initiated...
[2023-06-19 02:02:47:8794878][SpringApplicationShutdownHook] INFO  com.zaxxer.hikari.HikariDataSource - HikariPool-1 - Shutdown completed.
[2023-06-19 02:02:54:639][main] INFO  c.s.r.RelationshipApplication - Starting RelationshipApplication using Java 11.0.19 on WINDOWS-63P2V30 with PID 10060 (D:\user\Desktop\zerobase\book\relationship\target\classes started by Administrator in D:\user\Desktop\zerobase\book\relationship)
[2023-06-19 02:02:54:645][main] INFO  c.s.r.RelationshipApplication - No active profile set, falling back to default profiles: default
[2023-06-19 02:02:55:1188][main] INFO  o.s.d.r.c.RepositoryConfigurationDelegate - Bootstrapping Spring Data JPA repositories in DEFAULT mode.
[2023-06-19 02:02:55:1244][main] INFO  o.s.d.r.c.RepositoryConfigurationDelegate - Finished Spring Data repository scanning in 51 ms. Found 7 JPA repository interfaces.
[2023-06-19 02:02:55:1626][main] INFO  o.s.b.w.e.tomcat.TomcatWebServer - Tomcat initialized with port(s): 8080 (http)
[2023-06-19 02:02:55:1636][main] INFO  o.a.coyote.http11.Http11NioProtocol - Initializing ProtocolHandler ["http-nio-8080"]
[2023-06-19 02:02:55:1637][main] INFO  o.a.catalina.core.StandardService - Starting service [Tomcat]
[2023-06-19 02:02:55:1637][main] INFO  o.a.catalina.core.StandardEngine - Starting Servlet engine: [Apache Tomcat/9.0.54]
[2023-06-19 02:02:56:1737][main] INFO  o.a.c.c.C.[Tomcat].[localhost].[/] - Initializing Spring embedded WebApplicationContext
[2023-06-19 02:02:56:1737][main] INFO  o.s.b.w.s.c.ServletWebServerApplicationContext - Root WebApplicationContext: initialization completed in 1039 ms
[2023-06-19 02:02:56:1860][main] INFO  o.h.jpa.internal.util.LogHelper - HHH000204: Processing PersistenceUnitInfo [name: default]
[2023-06-19 02:02:56:1895][main] INFO  org.hibernate.Version - HHH000412: Hibernate ORM core version 5.4.32.Final
[2023-06-19 02:02:56:1975][main] INFO  o.h.annotations.common.Version - HCANN000001: Hibernate Commons Annotations {5.1.2.Final}
[2023-06-19 02:02:56:2039][main] INFO  com.zaxxer.hikari.HikariDataSource - HikariPool-1 - Starting...
[2023-06-19 02:02:56:2268][main] INFO  com.zaxxer.hikari.HikariDataSource - HikariPool-1 - Start completed.
[2023-06-19 02:02:56:2278][main] INFO  org.hibernate.dialect.Dialect - HHH000400: Using dialect: org.hibernate.dialect.MySQL57Dialect
[2023-06-19 02:02:57:3211][main] INFO  o.h.e.t.j.p.i.JtaPlatformInitiator - HHH000490: Using JtaPlatform implementation: [org.hibernate.engine.transaction.jta.platform.internal.NoJtaPlatform]
[2023-06-19 02:02:57:3218][main] INFO  o.s.o.j.LocalContainerEntityManagerFactoryBean - Initialized JPA EntityManagerFactory for persistence unit 'default'
[2023-06-19 02:02:58:3731][main] WARN  o.s.b.a.o.j.JpaBaseConfiguration$JpaWebConfiguration - spring.jpa.open-in-view is enabled by default. Therefore, database queries may be performed during view rendering. Explicitly configure spring.jpa.open-in-view to disable this warning
[2023-06-19 02:02:58:4199][main] INFO  o.a.coyote.http11.Http11NioProtocol - Starting ProtocolHandler ["http-nio-8080"]
[2023-06-19 02:02:58:4215][main] INFO  o.s.b.w.e.tomcat.TomcatWebServer - Tomcat started on port(s): 8080 (http) with context path ''
[2023-06-19 02:02:58:4224][main] INFO  c.s.r.RelationshipApplication - Started RelationshipApplication in 4.061 seconds (JVM running for 5.17)
[2023-06-19 02:03:03:1103][main] INFO  c.s.r.d.r.ProviderRepositoryTest - Starting ProviderRepositoryTest using Java 11.0.19 on WINDOWS-63P2V30 with PID 14776 (started by Administrator in D:\user\Desktop\zerobase\book\relationship)
[2023-06-19 02:03:03:1106][main] INFO  c.s.r.d.r.ProviderRepositoryTest - No active profile set, falling back to default profiles: default
[2023-06-19 02:03:04:1871][main] INFO  o.s.d.r.c.RepositoryConfigurationDelegate - Bootstrapping Spring Data JPA repositories in DEFAULT mode.
[2023-06-19 02:03:04:1965][main] INFO  o.s.d.r.c.RepositoryConfigurationDelegate - Finished Spring Data repository scanning in 85 ms. Found 7 JPA repository interfaces.
[2023-06-19 02:03:05:2648][main] INFO  o.h.jpa.internal.util.LogHelper - HHH000204: Processing PersistenceUnitInfo [name: default]
[2023-06-19 02:03:05:2746][main] INFO  org.hibernate.Version - HHH000412: Hibernate ORM core version 5.4.32.Final
[2023-06-19 02:03:05:2880][main] INFO  o.h.annotations.common.Version - HCANN000001: Hibernate Commons Annotations {5.1.2.Final}
[2023-06-19 02:03:06:3464][main] INFO  com.zaxxer.hikari.HikariDataSource - HikariPool-1 - Starting...
[2023-06-19 02:03:06:3803][main] INFO  com.zaxxer.hikari.HikariDataSource - HikariPool-1 - Start completed.
[2023-06-19 02:03:06:3820][main] INFO  org.hibernate.dialect.Dialect - HHH000400: Using dialect: org.hibernate.dialect.MySQL57Dialect
[2023-06-19 02:03:07:5220][main] INFO  o.h.e.t.j.p.i.JtaPlatformInitiator - HHH000490: Using JtaPlatform implementation: [org.hibernate.engine.transaction.jta.platform.internal.NoJtaPlatform]
[2023-06-19 02:03:07:5231][main] INFO  o.s.o.j.LocalContainerEntityManagerFactoryBean - Initialized JPA EntityManagerFactory for persistence unit 'default'
[2023-06-19 02:03:09:6378][main] WARN  o.s.b.a.o.j.JpaBaseConfiguration$JpaWebConfiguration - spring.jpa.open-in-view is enabled by default. Therefore, database queries may be performed during view rendering. Explicitly configure spring.jpa.open-in-view to disable this warning
[2023-06-19 02:03:09:7244][main] INFO  c.s.r.d.r.ProviderRepositoryTest - Started ProviderRepositoryTest in 6.68 seconds (JVM running for 7.932)
[2023-06-19 02:03:10:7581][SpringApplicationShutdownHook] INFO  o.s.o.j.LocalContainerEntityManagerFactoryBean - Closing JPA EntityManagerFactory for persistence unit 'default'
[2023-06-19 02:03:10:7584][SpringApplicationShutdownHook] INFO  com.zaxxer.hikari.HikariDataSource - HikariPool-1 - Shutdown initiated...
[2023-06-19 02:03:10:7597][SpringApplicationShutdownHook] INFO  com.zaxxer.hikari.HikariDataSource - HikariPool-1 - Shutdown completed.
[2023-06-19 02:15:51:989][main] INFO  c.s.r.d.r.ProviderRepositoryTest - Starting ProviderRepositoryTest using Java 11.0.19 on WINDOWS-63P2V30 with PID 6208 (started by Administrator in D:\user\Desktop\zerobase\book\relationship)
[2023-06-19 02:15:51:993][main] INFO  c.s.r.d.r.ProviderRepositoryTest - No active profile set, falling back to default profiles: default
[2023-06-19 02:15:52:1953][main] INFO  o.s.d.r.c.RepositoryConfigurationDelegate - Bootstrapping Spring Data JPA repositories in DEFAULT mode.
[2023-06-19 02:15:52:2043][main] INFO  o.s.d.r.c.RepositoryConfigurationDelegate - Finished Spring Data repository scanning in 82 ms. Found 7 JPA repository interfaces.
[2023-06-19 02:15:53:2831][main] INFO  o.h.jpa.internal.util.LogHelper - HHH000204: Processing PersistenceUnitInfo [name: default]
[2023-06-19 02:15:53:2888][main] INFO  org.hibernate.Version - HHH000412: Hibernate ORM core version 5.4.32.Final
[2023-06-19 02:15:53:3015][main] INFO  o.h.annotations.common.Version - HCANN000001: Hibernate Commons Annotations {5.1.2.Final}
[2023-06-19 02:15:54:3602][main] INFO  com.zaxxer.hikari.HikariDataSource - HikariPool-1 - Starting...
[2023-06-19 02:15:54:3959][main] INFO  com.zaxxer.hikari.HikariDataSource - HikariPool-1 - Start completed.
[2023-06-19 02:15:54:3975][main] INFO  org.hibernate.dialect.Dialect - HHH000400: Using dialect: org.hibernate.dialect.MySQL57Dialect
[2023-06-19 02:15:55:5142][main] INFO  o.h.e.t.j.p.i.JtaPlatformInitiator - HHH000490: Using JtaPlatform implementation: [org.hibernate.engine.transaction.jta.platform.internal.NoJtaPlatform]
[2023-06-19 02:15:55:5149][main] INFO  o.s.o.j.LocalContainerEntityManagerFactoryBean - Initialized JPA EntityManagerFactory for persistence unit 'default'
[2023-06-19 02:15:57:6336][main] WARN  o.s.b.a.o.j.JpaBaseConfiguration$JpaWebConfiguration - spring.jpa.open-in-view is enabled by default. Therefore, database queries may be performed during view rendering. Explicitly configure spring.jpa.open-in-view to disable this warning
[2023-06-19 02:15:57:7123][main] INFO  c.s.r.d.r.ProviderRepositoryTest - Started ProviderRepositoryTest in 6.665 seconds (JVM running for 7.825)
[2023-06-19 02:15:57:7161][main] INFO  o.s.t.c.t.TransactionContext - Began transaction (1) for test context [DefaultTestContext@56303b57 testClass = ProviderRepositoryTest, testInstance = com.springboot.relationship.data.repository.ProviderRepositoryTest@7f36cd8f, testMethod = orphanRemovalTest@ProviderRepositoryTest, testException = [null], mergedContextConfiguration = [WebMergedContextConfiguration@4b2a01d4 testClass = ProviderRepositoryTest, locations = '{}', classes = '{class com.springboot.relationship.RelationshipApplication}', contextInitializerClasses = '[]', activeProfiles = '{}', propertySourceLocations = '{}', propertySourceProperties = '{org.springframework.boot.test.context.SpringBootTestContextBootstrapper=true}', contextCustomizers = set[org.springframework.boot.test.context.filter.ExcludeFilterContextCustomizer@5a7fe64f, org.springframework.boot.test.json.DuplicateJsonObjectContextCustomizerFactory$DuplicateJsonObjectContextCustomizer@1b66c0fb, org.springframework.boot.test.mock.mockito.MockitoContextCustomizer@0, org.springframework.boot.test.web.client.TestRestTemplateContextCustomizer@1e16c0aa, org.springframework.boot.test.autoconfigure.actuate.metrics.MetricsExportContextCustomizerFactory$DisableMetricExportContextCustomizer@311bf055, org.springframework.boot.test.autoconfigure.properties.PropertyMappingContextCustomizer@0, org.springframework.boot.test.autoconfigure.web.servlet.WebDriverContextCustomizerFactory$Customizer@3e2055d6, org.springframework.boot.test.context.SpringBootTestArgs@1, org.springframework.boot.test.context.SpringBootTestWebEnvironment@358ee631], resourceBasePath = 'src/main/webapp', contextLoader = 'org.springframework.boot.test.context.SpringBootContextLoader', parent = [null]], attributes = map['org.springframework.test.context.web.ServletTestExecutionListener.activateListener' -> true, 'org.springframework.test.context.web.ServletTestExecutionListener.populatedRequestContextHolder' -> true, 'org.springframework.test.context.web.ServletTestExecutionListener.resetRequestContextHolder' -> true, 'org.springframework.test.context.event.ApplicationEventsTestExecutionListener.recordApplicationEvents' -> false]]; transaction manager [org.springframework.orm.jpa.JpaTransactionManager@684eb4a0]; rollback [true]
[2023-06-19 02:15:58:7557][main] INFO  o.s.t.c.t.TransactionContext - Rolled back transaction for test: [DefaultTestContext@56303b57 testClass = ProviderRepositoryTest, testInstance = com.springboot.relationship.data.repository.ProviderRepositoryTest@7f36cd8f, testMethod = orphanRemovalTest@ProviderRepositoryTest, testException = [null], mergedContextConfiguration = [WebMergedContextConfiguration@4b2a01d4 testClass = ProviderRepositoryTest, locations = '{}', classes = '{class com.springboot.relationship.RelationshipApplication}', contextInitializerClasses = '[]', activeProfiles = '{}', propertySourceLocations = '{}', propertySourceProperties = '{org.springframework.boot.test.context.SpringBootTestContextBootstrapper=true}', contextCustomizers = set[org.springframework.boot.test.context.filter.ExcludeFilterContextCustomizer@5a7fe64f, org.springframework.boot.test.json.DuplicateJsonObjectContextCustomizerFactory$DuplicateJsonObjectContextCustomizer@1b66c0fb, org.springframework.boot.test.mock.mockito.MockitoContextCustomizer@0, org.springframework.boot.test.web.client.TestRestTemplateContextCustomizer@1e16c0aa, org.springframework.boot.test.autoconfigure.actuate.metrics.MetricsExportContextCustomizerFactory$DisableMetricExportContextCustomizer@311bf055, org.springframework.boot.test.autoconfigure.properties.PropertyMappingContextCustomizer@0, org.springframework.boot.test.autoconfigure.web.servlet.WebDriverContextCustomizerFactory$Customizer@3e2055d6, org.springframework.boot.test.context.SpringBootTestArgs@1, org.springframework.boot.test.context.SpringBootTestWebEnvironment@358ee631], resourceBasePath = 'src/main/webapp', contextLoader = 'org.springframework.boot.test.context.SpringBootContextLoader', parent = [null]], attributes = map['org.springframework.test.context.web.ServletTestExecutionListener.activateListener' -> true, 'org.springframework.test.context.web.ServletTestExecutionListener.populatedRequestContextHolder' -> true, 'org.springframework.test.context.web.ServletTestExecutionListener.resetRequestContextHolder' -> true, 'org.springframework.test.context.event.ApplicationEventsTestExecutionListener.recordApplicationEvents' -> false]]
[2023-06-19 02:15:58:7572][SpringApplicationShutdownHook] INFO  o.s.o.j.LocalContainerEntityManagerFactoryBean - Closing JPA EntityManagerFactory for persistence unit 'default'
[2023-06-19 02:15:58:7575][SpringApplicationShutdownHook] INFO  com.zaxxer.hikari.HikariDataSource - HikariPool-1 - Shutdown initiated...
[2023-06-19 02:15:58:7588][SpringApplicationShutdownHook] INFO  com.zaxxer.hikari.HikariDataSource - HikariPool-1 - Shutdown completed.
[2023-06-19 02:16:30:815903][SpringApplicationShutdownHook] INFO  o.s.o.j.LocalContainerEntityManagerFactoryBean - Closing JPA EntityManagerFactory for persistence unit 'default'
[2023-06-19 02:16:30:815906][SpringApplicationShutdownHook] INFO  com.zaxxer.hikari.HikariDataSource - HikariPool-1 - Shutdown initiated...
[2023-06-19 02:16:30:815920][SpringApplicationShutdownHook] INFO  com.zaxxer.hikari.HikariDataSource - HikariPool-1 - Shutdown completed.
[2023-06-19 02:16:33:617][main] INFO  c.s.r.RelationshipApplication - Starting RelationshipApplication using Java 11.0.19 on WINDOWS-63P2V30 with PID 16180 (D:\user\Desktop\zerobase\book\relationship\target\classes started by Administrator in D:\user\Desktop\zerobase\book\relationship)
[2023-06-19 02:16:33:620][main] INFO  c.s.r.RelationshipApplication - No active profile set, falling back to default profiles: default
[2023-06-19 02:16:33:1132][main] INFO  o.s.d.r.c.RepositoryConfigurationDelegate - Bootstrapping Spring Data JPA repositories in DEFAULT mode.
[2023-06-19 02:16:33:1185][main] INFO  o.s.d.r.c.RepositoryConfigurationDelegate - Finished Spring Data repository scanning in 47 ms. Found 7 JPA repository interfaces.
[2023-06-19 02:16:34:1519][main] INFO  o.s.b.w.e.tomcat.TomcatWebServer - Tomcat initialized with port(s): 8080 (http)
[2023-06-19 02:16:34:1526][main] INFO  o.a.coyote.http11.Http11NioProtocol - Initializing ProtocolHandler ["http-nio-8080"]
[2023-06-19 02:16:34:1526][main] INFO  o.a.catalina.core.StandardService - Starting service [Tomcat]
[2023-06-19 02:16:34:1526][main] INFO  o.a.catalina.core.StandardEngine - Starting Servlet engine: [Apache Tomcat/9.0.54]
[2023-06-19 02:16:34:1617][main] INFO  o.a.c.c.C.[Tomcat].[localhost].[/] - Initializing Spring embedded WebApplicationContext
[2023-06-19 02:16:34:1617][main] INFO  o.s.b.w.s.c.ServletWebServerApplicationContext - Root WebApplicationContext: initialization completed in 957 ms
[2023-06-19 02:16:34:1743][main] INFO  o.h.jpa.internal.util.LogHelper - HHH000204: Processing PersistenceUnitInfo [name: default]
[2023-06-19 02:16:34:1774][main] INFO  org.hibernate.Version - HHH000412: Hibernate ORM core version 5.4.32.Final
[2023-06-19 02:16:34:1845][main] INFO  o.h.annotations.common.Version - HCANN000001: Hibernate Commons Annotations {5.1.2.Final}
[2023-06-19 02:16:34:1908][main] INFO  com.zaxxer.hikari.HikariDataSource - HikariPool-1 - Starting...
[2023-06-19 02:16:34:2105][main] INFO  com.zaxxer.hikari.HikariDataSource - HikariPool-1 - Start completed.
[2023-06-19 02:16:34:2113][main] INFO  org.hibernate.dialect.Dialect - HHH000400: Using dialect: org.hibernate.dialect.MySQL57Dialect
[2023-06-19 02:16:35:2942][main] INFO  o.h.e.t.j.p.i.JtaPlatformInitiator - HHH000490: Using JtaPlatform implementation: [org.hibernate.engine.transaction.jta.platform.internal.NoJtaPlatform]
[2023-06-19 02:16:35:2948][main] INFO  o.s.o.j.LocalContainerEntityManagerFactoryBean - Initialized JPA EntityManagerFactory for persistence unit 'default'
[2023-06-19 02:16:36:3506][main] WARN  o.s.b.a.o.j.JpaBaseConfiguration$JpaWebConfiguration - spring.jpa.open-in-view is enabled by default. Therefore, database queries may be performed during view rendering. Explicitly configure spring.jpa.open-in-view to disable this warning
[2023-06-19 02:16:36:3827][main] INFO  o.a.coyote.http11.Http11NioProtocol - Starting ProtocolHandler ["http-nio-8080"]
[2023-06-19 02:16:36:3843][main] INFO  o.s.b.w.e.tomcat.TomcatWebServer - Tomcat started on port(s): 8080 (http) with context path ''
[2023-06-19 02:16:36:3850][main] INFO  c.s.r.RelationshipApplication - Started RelationshipApplication in 3.686 seconds (JVM running for 4.902)
[2023-06-19 02:16:46:1242][main] INFO  c.s.r.d.r.ProviderRepositoryTest - Starting ProviderRepositoryTest using Java 11.0.19 on WINDOWS-63P2V30 with PID 8492 (started by Administrator in D:\user\Desktop\zerobase\book\relationship)
[2023-06-19 02:16:46:1246][main] INFO  c.s.r.d.r.ProviderRepositoryTest - No active profile set, falling back to default profiles: default
[2023-06-19 02:16:47:2180][main] INFO  o.s.d.r.c.RepositoryConfigurationDelegate - Bootstrapping Spring Data JPA repositories in DEFAULT mode.
[2023-06-19 02:16:47:2284][main] INFO  o.s.d.r.c.RepositoryConfigurationDelegate - Finished Spring Data repository scanning in 95 ms. Found 7 JPA repository interfaces.
[2023-06-19 02:16:48:3046][main] INFO  o.h.jpa.internal.util.LogHelper - HHH000204: Processing PersistenceUnitInfo [name: default]
[2023-06-19 02:16:48:3145][main] INFO  org.hibernate.Version - HHH000412: Hibernate ORM core version 5.4.32.Final
[2023-06-19 02:16:48:3370][main] INFO  o.h.annotations.common.Version - HCANN000001: Hibernate Commons Annotations {5.1.2.Final}
[2023-06-19 02:16:48:4004][main] INFO  com.zaxxer.hikari.HikariDataSource - HikariPool-1 - Starting...
[2023-06-19 02:16:49:4428][main] INFO  com.zaxxer.hikari.HikariDataSource - HikariPool-1 - Start completed.
[2023-06-19 02:16:49:4443][main] INFO  org.hibernate.dialect.Dialect - HHH000400: Using dialect: org.hibernate.dialect.MySQL57Dialect
[2023-06-19 02:16:50:5818][main] INFO  o.h.e.t.j.p.i.JtaPlatformInitiator - HHH000490: Using JtaPlatform implementation: [org.hibernate.engine.transaction.jta.platform.internal.NoJtaPlatform]
[2023-06-19 02:16:50:5826][main] INFO  o.s.o.j.LocalContainerEntityManagerFactoryBean - Initialized JPA EntityManagerFactory for persistence unit 'default'
[2023-06-19 02:16:51:7004][main] WARN  o.s.b.a.o.j.JpaBaseConfiguration$JpaWebConfiguration - spring.jpa.open-in-view is enabled by default. Therefore, database queries may be performed during view rendering. Explicitly configure spring.jpa.open-in-view to disable this warning
[2023-06-19 02:16:52:7968][main] INFO  c.s.r.d.r.ProviderRepositoryTest - Started ProviderRepositoryTest in 7.315 seconds (JVM running for 8.88)
[2023-06-19 02:16:52:8010][main] INFO  o.s.t.c.t.TransactionContext - Began transaction (1) for test context [DefaultTestContext@56303b57 testClass = ProviderRepositoryTest, testInstance = com.springboot.relationship.data.repository.ProviderRepositoryTest@7a41f4a7, testMethod = orphanRemovalTest@ProviderRepositoryTest, testException = [null], mergedContextConfiguration = [WebMergedContextConfiguration@4b2a01d4 testClass = ProviderRepositoryTest, locations = '{}', classes = '{class com.springboot.relationship.RelationshipApplication}', contextInitializerClasses = '[]', activeProfiles = '{}', propertySourceLocations = '{}', propertySourceProperties = '{org.springframework.boot.test.context.SpringBootTestContextBootstrapper=true}', contextCustomizers = set[org.springframework.boot.test.context.filter.ExcludeFilterContextCustomizer@5a7fe64f, org.springframework.boot.test.json.DuplicateJsonObjectContextCustomizerFactory$DuplicateJsonObjectContextCustomizer@1b66c0fb, org.springframework.boot.test.mock.mockito.MockitoContextCustomizer@0, org.springframework.boot.test.web.client.TestRestTemplateContextCustomizer@1e16c0aa, org.springframework.boot.test.autoconfigure.actuate.metrics.MetricsExportContextCustomizerFactory$DisableMetricExportContextCustomizer@311bf055, org.springframework.boot.test.autoconfigure.properties.PropertyMappingContextCustomizer@0, org.springframework.boot.test.autoconfigure.web.servlet.WebDriverContextCustomizerFactory$Customizer@3e2055d6, org.springframework.boot.test.context.SpringBootTestArgs@1, org.springframework.boot.test.context.SpringBootTestWebEnvironment@358ee631], resourceBasePath = 'src/main/webapp', contextLoader = 'org.springframework.boot.test.context.SpringBootContextLoader', parent = [null]], attributes = map['org.springframework.test.context.web.ServletTestExecutionListener.activateListener' -> true, 'org.springframework.test.context.web.ServletTestExecutionListener.populatedRequestContextHolder' -> true, 'org.springframework.test.context.web.ServletTestExecutionListener.resetRequestContextHolder' -> true, 'org.springframework.test.context.event.ApplicationEventsTestExecutionListener.recordApplicationEvents' -> false]]; transaction manager [org.springframework.orm.jpa.JpaTransactionManager@1f3f0d25]; rollback [true]
[2023-06-19 02:16:53:8384][main] INFO  o.s.t.c.t.TransactionContext - Rolled back transaction for test: [DefaultTestContext@56303b57 testClass = ProviderRepositoryTest, testInstance = com.springboot.relationship.data.repository.ProviderRepositoryTest@7a41f4a7, testMethod = orphanRemovalTest@ProviderRepositoryTest, testException = [null], mergedContextConfiguration = [WebMergedContextConfiguration@4b2a01d4 testClass = ProviderRepositoryTest, locations = '{}', classes = '{class com.springboot.relationship.RelationshipApplication}', contextInitializerClasses = '[]', activeProfiles = '{}', propertySourceLocations = '{}', propertySourceProperties = '{org.springframework.boot.test.context.SpringBootTestContextBootstrapper=true}', contextCustomizers = set[org.springframework.boot.test.context.filter.ExcludeFilterContextCustomizer@5a7fe64f, org.springframework.boot.test.json.DuplicateJsonObjectContextCustomizerFactory$DuplicateJsonObjectContextCustomizer@1b66c0fb, org.springframework.boot.test.mock.mockito.MockitoContextCustomizer@0, org.springframework.boot.test.web.client.TestRestTemplateContextCustomizer@1e16c0aa, org.springframework.boot.test.autoconfigure.actuate.metrics.MetricsExportContextCustomizerFactory$DisableMetricExportContextCustomizer@311bf055, org.springframework.boot.test.autoconfigure.properties.PropertyMappingContextCustomizer@0, org.springframework.boot.test.autoconfigure.web.servlet.WebDriverContextCustomizerFactory$Customizer@3e2055d6, org.springframework.boot.test.context.SpringBootTestArgs@1, org.springframework.boot.test.context.SpringBootTestWebEnvironment@358ee631], resourceBasePath = 'src/main/webapp', contextLoader = 'org.springframework.boot.test.context.SpringBootContextLoader', parent = [null]], attributes = map['org.springframework.test.context.web.ServletTestExecutionListener.activateListener' -> true, 'org.springframework.test.context.web.ServletTestExecutionListener.populatedRequestContextHolder' -> true, 'org.springframework.test.context.web.ServletTestExecutionListener.resetRequestContextHolder' -> true, 'org.springframework.test.context.event.ApplicationEventsTestExecutionListener.recordApplicationEvents' -> false]]
[2023-06-19 02:16:53:8402][SpringApplicationShutdownHook] INFO  o.s.o.j.LocalContainerEntityManagerFactoryBean - Closing JPA EntityManagerFactory for persistence unit 'default'
[2023-06-19 02:16:53:8405][SpringApplicationShutdownHook] INFO  com.zaxxer.hikari.HikariDataSource - HikariPool-1 - Shutdown initiated...
[2023-06-19 02:16:53:8420][SpringApplicationShutdownHook] INFO  com.zaxxer.hikari.HikariDataSource - HikariPool-1 - Shutdown completed.
[2023-06-19 02:21:21:288787][SpringApplicationShutdownHook] INFO  o.s.o.j.LocalContainerEntityManagerFactoryBean - Closing JPA EntityManagerFactory for persistence unit 'default'
[2023-06-19 02:21:21:288788][SpringApplicationShutdownHook] INFO  com.zaxxer.hikari.HikariDataSource - HikariPool-1 - Shutdown initiated...
[2023-06-19 02:21:21:288799][SpringApplicationShutdownHook] INFO  com.zaxxer.hikari.HikariDataSource - HikariPool-1 - Shutdown completed.
